<?xml version="1.0" encoding="UTF-8"?>
<testng-results skipped="0" failed="0" ignored="0" total="1" passed="1">
  <reporter-output>
  </reporter-output>
  <suite name="Default suite" duration-ms="32848" started-at="2017-08-06T03:15:03Z" finished-at="2017-08-06T03:15:36Z">
    <groups>
    </groups>
    <test name="Default test" duration-ms="32848" started-at="2017-08-06T03:15:03Z" finished-at="2017-08-06T03:15:36Z">
      <class name="alpha.demo1">
        <test-method status="PASS" signature="method1()[pri:0, instance:alpha.demo1@279fedbd]" name="method1" duration-ms="32734" started-at="2017-08-06T08:45:03Z" finished-at="2017-08-06T08:45:36Z">
          <reporter-output>
          </reporter-output>
        </test-method> <!-- method1 -->
      </class> <!-- alpha.demo1 -->
    </test> <!-- Default test -->
  </suite> <!-- Default suite -->
</testng-results>
